[2m2022-05-22 22:56:33.025[0;39m [32m INFO[0;39m [35m16092[0;39m [2m---[0;39m [2m[  restartedMain][0;39m [36mcom.ssafy.vue.VueApi2Application        [0;39m [2m:[0;39m Starting VueApi2Application using Java 1.8.0_312 on DESKTOP-1T7N3GV with PID 16092 (D:\ssafy\springws\VueAPI2\target\classes started by abcxj in D:\ssafy\springws\VueAPI2)
[2m2022-05-22 22:56:33.027[0;39m [32mDEBUG[0;39m [35m16092[0;39m [2m---[0;39m [2m[  restartedMain][0;39m [36mcom.ssafy.vue.VueApi2Application        [0;39m [2m:[0;39m Running with Spring Boot v2.6.7, Spring v5.3.19
[2m2022-05-22 22:56:33.028[0;39m [32m INFO[0;39m [35m16092[0;39m [2m---[0;39m [2m[  restartedMain][0;39m [36mcom.ssafy.vue.VueApi2Application        [0;39m [2m:[0;39m No active profile set, falling back to 1 default profile: "default"
[2m2022-05-22 22:56:33.073[0;39m [32m INFO[0;39m [35m16092[0;39m [2m---[0;39m [2m[  restartedMain][0;39m [36m.e.DevToolsPropertyDefaultsPostProcessor[0;39m [2m:[0;39m Devtools property defaults active! Set 'spring.devtools.add-properties' to 'false' to disable
[2m2022-05-22 22:56:33.074[0;39m [32m INFO[0;39m [35m16092[0;39m [2m---[0;39m [2m[  restartedMain][0;39m [36m.e.DevToolsPropertyDefaultsPostProcessor[0;39m [2m:[0;39m For additional web related logging consider setting the 'logging.level.web' property to 'DEBUG'
[2m2022-05-22 22:56:34.885[0;39m [32m INFO[0;39m [35m16092[0;39m [2m---[0;39m [2m[  restartedMain][0;39m [36mo.s.b.w.embedded.tomcat.TomcatWebServer [0;39m [2m:[0;39m Tomcat initialized with port(s): 9999 (http)
[2m2022-05-22 22:56:35.223[0;39m [32m INFO[0;39m [35m16092[0;39m [2m---[0;39m [2m[  restartedMain][0;39m [36mw.s.c.ServletWebServerApplicationContext[0;39m [2m:[0;39m Root WebApplicationContext: initialization completed in 2148 ms
[2m2022-05-22 22:56:36.367[0;39m [32m INFO[0;39m [35m16092[0;39m [2m---[0;39m [2m[  restartedMain][0;39m [36mo.s.b.d.a.OptionalLiveReloadServer      [0;39m [2m:[0;39m LiveReload server is running on port 35729
[2m2022-05-22 22:56:36.670[0;39m [32m INFO[0;39m [35m16092[0;39m [2m---[0;39m [2m[  restartedMain][0;39m [36mo.s.b.w.embedded.tomcat.TomcatWebServer [0;39m [2m:[0;39m Tomcat started on port(s): 9999 (http) with context path '/vue'
[2m2022-05-22 22:56:37.091[0;39m [32m INFO[0;39m [35m16092[0;39m [2m---[0;39m [2m[  restartedMain][0;39m [36mcom.ssafy.vue.VueApi2Application        [0;39m [2m:[0;39m Started VueApi2Application in 4.594 seconds (JVM running for 6.891)
[2m2022-05-22 22:56:45.012[0;39m [32m INFO[0;39m [35m16092[0;39m [2m---[0;39m [2m[nio-9999-exec-2][0;39m [36mo.s.web.servlet.DispatcherServlet       [0;39m [2m:[0;39m Initializing Servlet 'dispatcherServlet'
[2m2022-05-22 22:56:45.016[0;39m [32m INFO[0;39m [35m16092[0;39m [2m---[0;39m [2m[nio-9999-exec-2][0;39m [36mo.s.web.servlet.DispatcherServlet       [0;39m [2m:[0;39m Completed initialization in 3 ms
[2m2022-05-22 22:58:12.388[0;39m [32mDEBUG[0;39m [35m16092[0;39m [2m---[0;39m [2m[nio-9999-exec-7][0;39m [36mc.ssafy.vue.controller.BoardController  [0;39m [2m:[0;39m retrieveBoard - 호출
[2m2022-05-22 23:01:40.540[0;39m [32mDEBUG[0;39m [35m16092[0;39m [2m---[0;39m [2m[io-9999-exec-10][0;39m [36mc.ssafy.vue.controller.MemberController [0;39m [2m:[0;39m 로그인 토큰정보 : eyJ0eXAiOiJKV1QiLCJyZWdEYXRlIjoxNjUzMjI4MTAwNTAxLCJhbGciOiJIUzI1NiJ9.eyJleHAiOjE2NTMyMzE3MDAsInN1YiI6ImFjY2Vzcy10b2tlbiIsInVzZXJpZCI6InNzYWZ5In0.mwC-FRTv7iu6yjbVkNxMJesnMhBCm-qfyQvA60kpyDA
[2m2022-05-22 23:01:40.596[0;39m [32m INFO[0;39m [35m16092[0;39m [2m---[0;39m [2m[nio-9999-exec-1][0;39m [36mc.ssafy.vue.controller.MemberController [0;39m [2m:[0;39m 사용 가능한 토큰!!!
[2m2022-05-22 23:01:45.827[0;39m [32mDEBUG[0;39m [35m16092[0;39m [2m---[0;39m [2m[nio-9999-exec-6][0;39m [36mc.s.vue.controller.QnaBoardController   [0;39m [2m:[0;39m countBoard - 호출
[2m2022-05-22 23:01:45.828[0;39m [32mDEBUG[0;39m [35m16092[0;39m [2m---[0;39m [2m[nio-9999-exec-3][0;39m [36mc.s.vue.controller.QnaBoardController   [0;39m [2m:[0;39m retrieveBoard - 호출
[2m2022-05-22 23:01:48.137[0;39m [32mDEBUG[0;39m [35m16092[0;39m [2m---[0;39m [2m[nio-9999-exec-5][0;39m [36mc.ssafy.vue.controller.BoardController  [0;39m [2m:[0;39m retrieveBoard - 호출
[2m2022-05-22 23:01:48.137[0;39m [32mDEBUG[0;39m [35m16092[0;39m [2m---[0;39m [2m[nio-9999-exec-4][0;39m [36mc.ssafy.vue.controller.BoardController  [0;39m [2m:[0;39m countBoard - 호출
[2m2022-05-22 23:01:49.782[0;39m [32mDEBUG[0;39m [35m16092[0;39m [2m---[0;39m [2m[nio-9999-exec-7][0;39m [36mc.ssafy.vue.controller.BoardController  [0;39m [2m:[0;39m retrieveBoard - 호출
[2m2022-05-22 23:01:50.197[0;39m [32mDEBUG[0;39m [35m16092[0;39m [2m---[0;39m [2m[nio-9999-exec-8][0;39m [36mc.ssafy.vue.controller.BoardController  [0;39m [2m:[0;39m retrieveBoard - 호출
[2m2022-05-22 23:01:51.210[0;39m [32mDEBUG[0;39m [35m16092[0;39m [2m---[0;39m [2m[nio-9999-exec-9][0;39m [36mc.ssafy.vue.controller.BoardController  [0;39m [2m:[0;39m retrieveBoard - 호출
[2m2022-05-22 23:01:51.910[0;39m [32mDEBUG[0;39m [35m16092[0;39m [2m---[0;39m [2m[io-9999-exec-10][0;39m [36mc.s.vue.controller.QnaBoardController   [0;39m [2m:[0;39m retrieveBoard - 호출
[2m2022-05-22 23:01:51.911[0;39m [32mDEBUG[0;39m [35m16092[0;39m [2m---[0;39m [2m[nio-9999-exec-2][0;39m [36mc.s.vue.controller.QnaBoardController   [0;39m [2m:[0;39m countBoard - 호출
[2m2022-05-22 23:01:52.400[0;39m [32mDEBUG[0;39m [35m16092[0;39m [2m---[0;39m [2m[nio-9999-exec-1][0;39m [36mc.ssafy.vue.controller.BoardController  [0;39m [2m:[0;39m retrieveBoard - 호출
[2m2022-05-22 23:01:52.401[0;39m [32mDEBUG[0;39m [35m16092[0;39m [2m---[0;39m [2m[nio-9999-exec-3][0;39m [36mc.ssafy.vue.controller.BoardController  [0;39m [2m:[0;39m countBoard - 호출
[2m2022-05-22 23:07:00.814[0;39m [32mDEBUG[0;39m [35m16092[0;39m [2m---[0;39m [2m[nio-9999-exec-5][0;39m [36mc.ssafy.vue.controller.MemberController [0;39m [2m:[0;39m 로그인 토큰정보 : eyJ0eXAiOiJKV1QiLCJyZWdEYXRlIjoxNjUzMjI4NDIwODEzLCJhbGciOiJIUzI1NiJ9.eyJleHAiOjE2NTMyMzIwMjAsInN1YiI6ImFjY2Vzcy10b2tlbiIsInVzZXJpZCI6ImFkbWluIn0.llOY0FF1BzuL6My4ywSQfIhScuIe_pC4EJ-OPOEljA4
[2m2022-05-22 23:07:00.826[0;39m [32m INFO[0;39m [35m16092[0;39m [2m---[0;39m [2m[nio-9999-exec-8][0;39m [36mc.ssafy.vue.controller.MemberController [0;39m [2m:[0;39m 사용 가능한 토큰!!!
[2m2022-05-22 23:08:01.029[0;39m [32mDEBUG[0;39m [35m16092[0;39m [2m---[0;39m [2m[nio-9999-exec-9][0;39m [36mc.ssafy.vue.controller.MemberController [0;39m [2m:[0;39m 로그인 토큰정보 : eyJ0eXAiOiJKV1QiLCJyZWdEYXRlIjoxNjUzMjI4NDgxMDI4LCJhbGciOiJIUzI1NiJ9.eyJleHAiOjE2NTMyMzIwODEsInN1YiI6ImFjY2Vzcy10b2tlbiIsInVzZXJpZCI6ImFkbWluIn0.jQvgZGlMKW6FZGeDaGCXgKCIl-qDCezQ6MmgU3CaoYo
[2m2022-05-22 23:08:01.037[0;39m [32m INFO[0;39m [35m16092[0;39m [2m---[0;39m [2m[io-9999-exec-10][0;39m [36mc.ssafy.vue.controller.MemberController [0;39m [2m:[0;39m 사용 가능한 토큰!!!
[2m2022-05-22 23:08:05.305[0;39m [32mDEBUG[0;39m [35m16092[0;39m [2m---[0;39m [2m[nio-9999-exec-2][0;39m [36mc.ssafy.vue.controller.BoardController  [0;39m [2m:[0;39m retrieveBoard - 호출
[2m2022-05-22 23:08:05.312[0;39m [32mDEBUG[0;39m [35m16092[0;39m [2m---[0;39m [2m[nio-9999-exec-1][0;39m [36mc.ssafy.vue.controller.BoardController  [0;39m [2m:[0;39m countBoard - 호출
[2m2022-05-22 23:08:10.216[0;39m [32mDEBUG[0;39m [35m16092[0;39m [2m---[0;39m [2m[nio-9999-exec-3][0;39m [36mc.ssafy.vue.controller.BoardController  [0;39m [2m:[0;39m retrieveBoard - 호출
[2m2022-05-22 23:08:10.216[0;39m [32mDEBUG[0;39m [35m16092[0;39m [2m---[0;39m [2m[nio-9999-exec-6][0;39m [36mc.ssafy.vue.controller.BoardController  [0;39m [2m:[0;39m countBoard - 호출
[2m2022-05-22 23:11:15.739[0;39m [32mDEBUG[0;39m [35m16092[0;39m [2m---[0;39m [2m[nio-9999-exec-8][0;39m [36mc.s.vue.controller.QnaBoardController   [0;39m [2m:[0;39m countBoard - 호출
[2m2022-05-22 23:11:15.740[0;39m [32mDEBUG[0;39m [35m16092[0;39m [2m---[0;39m [2m[nio-9999-exec-7][0;39m [36mc.s.vue.controller.QnaBoardController   [0;39m [2m:[0;39m retrieveBoard - 호출
[2m2022-05-22 23:11:18.394[0;39m [32mDEBUG[0;39m [35m16092[0;39m [2m---[0;39m [2m[io-9999-exec-10][0;39m [36mc.ssafy.vue.controller.BoardController  [0;39m [2m:[0;39m countBoard - 호출
[2m2022-05-22 23:11:18.394[0;39m [32mDEBUG[0;39m [35m16092[0;39m [2m---[0;39m [2m[nio-9999-exec-9][0;39m [36mc.ssafy.vue.controller.BoardController  [0;39m [2m:[0;39m retrieveBoard - 호출
[2m2022-05-22 23:11:18.855[0;39m [32mDEBUG[0;39m [35m16092[0;39m [2m---[0;39m [2m[nio-9999-exec-2][0;39m [36mc.s.vue.controller.QnaBoardController   [0;39m [2m:[0;39m retrieveBoard - 호출
[2m2022-05-22 23:11:18.856[0;39m [32mDEBUG[0;39m [35m16092[0;39m [2m---[0;39m [2m[nio-9999-exec-1][0;39m [36mc.s.vue.controller.QnaBoardController   [0;39m [2m:[0;39m countBoard - 호출
[2m2022-05-22 23:11:23.551[0;39m [32mDEBUG[0;39m [35m16092[0;39m [2m---[0;39m [2m[nio-9999-exec-4][0;39m [36mc.s.vue.controller.QnaBoardController   [0;39m [2m:[0;39m retrieveBoard - 호출
[2m2022-05-22 23:11:23.551[0;39m [32mDEBUG[0;39m [35m16092[0;39m [2m---[0;39m [2m[nio-9999-exec-5][0;39m [36mc.s.vue.controller.QnaBoardController   [0;39m [2m:[0;39m countBoard - 호출
[2m2022-05-22 23:11:23.893[0;39m [32mDEBUG[0;39m [35m16092[0;39m [2m---[0;39m [2m[nio-9999-exec-8][0;39m [36mc.ssafy.vue.controller.BoardController  [0;39m [2m:[0;39m retrieveBoard - 호출
[2m2022-05-22 23:11:23.894[0;39m [32mDEBUG[0;39m [35m16092[0;39m [2m---[0;39m [2m[nio-9999-exec-7][0;39m [36mc.ssafy.vue.controller.BoardController  [0;39m [2m:[0;39m countBoard - 호출
[2m2022-05-22 23:11:25.335[0;39m [32mDEBUG[0;39m [35m16092[0;39m [2m---[0;39m [2m[nio-9999-exec-9][0;39m [36mc.ssafy.vue.controller.BoardController  [0;39m [2m:[0;39m retrieveBoard - 호출
[2m2022-05-22 23:11:25.336[0;39m [32mDEBUG[0;39m [35m16092[0;39m [2m---[0;39m [2m[io-9999-exec-10][0;39m [36mc.ssafy.vue.controller.BoardController  [0;39m [2m:[0;39m countBoard - 호출
[2m2022-05-22 23:11:25.637[0;39m [32mDEBUG[0;39m [35m16092[0;39m [2m---[0;39m [2m[nio-9999-exec-1][0;39m [36mc.s.vue.controller.QnaBoardController   [0;39m [2m:[0;39m retrieveBoard - 호출
[2m2022-05-22 23:11:25.638[0;39m [32mDEBUG[0;39m [35m16092[0;39m [2m---[0;39m [2m[nio-9999-exec-2][0;39m [36mc.s.vue.controller.QnaBoardController   [0;39m [2m:[0;39m countBoard - 호출
[2m2022-05-22 23:12:06.280[0;39m [32mDEBUG[0;39m [35m16092[0;39m [2m---[0;39m [2m[nio-9999-exec-3][0;39m [36mc.s.vue.controller.QnaBoardController   [0;39m [2m:[0;39m retrieveBoard - 호출
[2m2022-05-22 23:12:06.289[0;39m [32mDEBUG[0;39m [35m16092[0;39m [2m---[0;39m [2m[nio-9999-exec-6][0;39m [36mc.s.vue.controller.QnaBoardController   [0;39m [2m:[0;39m countBoard - 호출
[2m2022-05-22 23:12:21.119[0;39m [32mDEBUG[0;39m [35m16092[0;39m [2m---[0;39m [2m[nio-9999-exec-4][0;39m [36mc.s.vue.controller.QnaBoardController   [0;39m [2m:[0;39m retrieveBoard - 호출
[2m2022-05-22 23:12:21.120[0;39m [32mDEBUG[0;39m [35m16092[0;39m [2m---[0;39m [2m[nio-9999-exec-5][0;39m [36mc.s.vue.controller.QnaBoardController   [0;39m [2m:[0;39m countBoard - 호출
[2m2022-05-22 23:12:23.670[0;39m [32mDEBUG[0;39m [35m16092[0;39m [2m---[0;39m [2m[nio-9999-exec-8][0;39m [36mc.s.vue.controller.QnaBoardController   [0;39m [2m:[0;39m retrieveBoard - 호출
[2m2022-05-22 23:12:23.671[0;39m [32mDEBUG[0;39m [35m16092[0;39m [2m---[0;39m [2m[nio-9999-exec-7][0;39m [36mc.s.vue.controller.QnaBoardController   [0;39m [2m:[0;39m countBoard - 호출
[2m2022-05-22 23:19:22.347[0;39m [32mDEBUG[0;39m [35m16092[0;39m [2m---[0;39m [2m[nio-9999-exec-1][0;39m [36mc.s.vue.controller.QnaBoardController   [0;39m [2m:[0;39m retrieveBoard - 호출
[2m2022-05-22 23:19:22.348[0;39m [32mDEBUG[0;39m [35m16092[0;39m [2m---[0;39m [2m[nio-9999-exec-2][0;39m [36mc.s.vue.controller.QnaBoardController   [0;39m [2m:[0;39m countBoard - 호출
[2m2022-05-22 23:25:52.765[0;39m [32mDEBUG[0;39m [35m16092[0;39m [2m---[0;39m [2m[nio-9999-exec-4][0;39m [36mc.s.vue.controller.QnaBoardController   [0;39m [2m:[0;39m retrieveBoard - 호출
[2m2022-05-22 23:25:52.765[0;39m [32mDEBUG[0;39m [35m16092[0;39m [2m---[0;39m [2m[nio-9999-exec-5][0;39m [36mc.s.vue.controller.QnaBoardController   [0;39m [2m:[0;39m countBoard - 호출
[2m2022-05-22 23:25:53.646[0;39m [32mDEBUG[0;39m [35m16092[0;39m [2m---[0;39m [2m[nio-9999-exec-8][0;39m [36mc.s.vue.controller.QnaBoardController   [0;39m [2m:[0;39m retrieveBoard - 호출
[2m2022-05-22 23:25:53.646[0;39m [32mDEBUG[0;39m [35m16092[0;39m [2m---[0;39m [2m[nio-9999-exec-7][0;39m [36mc.s.vue.controller.QnaBoardController   [0;39m [2m:[0;39m countBoard - 호출
[2m2022-05-22 23:26:24.178[0;39m [32mDEBUG[0;39m [35m16092[0;39m [2m---[0;39m [2m[nio-9999-exec-9][0;39m [36mc.s.vue.controller.QnaBoardController   [0;39m [2m:[0;39m retrieveBoard - 호출
[2m2022-05-22 23:26:24.179[0;39m [32mDEBUG[0;39m [35m16092[0;39m [2m---[0;39m [2m[io-9999-exec-10][0;39m [36mc.s.vue.controller.QnaBoardController   [0;39m [2m:[0;39m countBoard - 호출
[2m2022-05-22 23:26:45.407[0;39m [32mDEBUG[0;39m [35m16092[0;39m [2m---[0;39m [2m[nio-9999-exec-1][0;39m [36mc.s.vue.controller.QnaBoardController   [0;39m [2m:[0;39m retrieveBoard - 호출
[2m2022-05-22 23:26:45.408[0;39m [32mDEBUG[0;39m [35m16092[0;39m [2m---[0;39m [2m[nio-9999-exec-2][0;39m [36mc.s.vue.controller.QnaBoardController   [0;39m [2m:[0;39m countBoard - 호출
[2m2022-05-22 23:26:49.473[0;39m [32mDEBUG[0;39m [35m16092[0;39m [2m---[0;39m [2m[nio-9999-exec-6][0;39m [36mc.s.vue.controller.QnaBoardController   [0;39m [2m:[0;39m retrieveBoard - 호출
[2m2022-05-22 23:26:49.477[0;39m [32mDEBUG[0;39m [35m16092[0;39m [2m---[0;39m [2m[nio-9999-exec-4][0;39m [36mc.s.vue.controller.QnaBoardController   [0;39m [2m:[0;39m countBoard - 호출
[2m2022-05-22 23:31:11.214[0;39m [32mDEBUG[0;39m [35m16092[0;39m [2m---[0;39m [2m[nio-9999-exec-7][0;39m [36mc.s.vue.controller.QnaBoardController   [0;39m [2m:[0;39m retrieveBoard - 호출
[2m2022-05-22 23:31:11.217[0;39m [32mDEBUG[0;39m [35m16092[0;39m [2m---[0;39m [2m[nio-9999-exec-9][0;39m [36mc.s.vue.controller.QnaBoardController   [0;39m [2m:[0;39m countBoard - 호출
[2m2022-05-22 23:38:06.677[0;39m [32m INFO[0;39m [35m16092[0;39m [2m---[0;39m [2m[  restartedMain][0;39m [36mcom.ssafy.vue.VueApi2Application        [0;39m [2m:[0;39m Starting VueApi2Application using Java 1.8.0_312 on DESKTOP-1T7N3GV with PID 16092 (D:\ssafy\springws\VueAPI2\target\classes started by abcxj in D:\ssafy\springws\VueAPI2)
[2m2022-05-22 23:38:06.678[0;39m [32mDEBUG[0;39m [35m16092[0;39m [2m---[0;39m [2m[  restartedMain][0;39m [36mcom.ssafy.vue.VueApi2Application        [0;39m [2m:[0;39m Running with Spring Boot v2.6.7, Spring v5.3.19
[2m2022-05-22 23:38:06.678[0;39m [32m INFO[0;39m [35m16092[0;39m [2m---[0;39m [2m[  restartedMain][0;39m [36mcom.ssafy.vue.VueApi2Application        [0;39m [2m:[0;39m No active profile set, falling back to 1 default profile: "default"
[2m2022-05-22 23:38:07.254[0;39m [32m INFO[0;39m [35m16092[0;39m [2m---[0;39m [2m[  restartedMain][0;39m [36mo.s.b.w.embedded.tomcat.TomcatWebServer [0;39m [2m:[0;39m Tomcat initialized with port(s): 9999 (http)
[2m2022-05-22 23:38:07.357[0;39m [32m INFO[0;39m [35m16092[0;39m [2m---[0;39m [2m[  restartedMain][0;39m [36mw.s.c.ServletWebServerApplicationContext[0;39m [2m:[0;39m Root WebApplicationContext: initialization completed in 677 ms
[2m2022-05-22 23:38:07.573[0;39m [32m INFO[0;39m [35m16092[0;39m [2m---[0;39m [2m[  restartedMain][0;39m [36mo.s.b.d.a.OptionalLiveReloadServer      [0;39m [2m:[0;39m LiveReload server is running on port 35729
[2m2022-05-22 23:38:07.641[0;39m [32m INFO[0;39m [35m16092[0;39m [2m---[0;39m [2m[  restartedMain][0;39m [36mo.s.b.w.embedded.tomcat.TomcatWebServer [0;39m [2m:[0;39m Tomcat started on port(s): 9999 (http) with context path '/vue'
[2m2022-05-22 23:38:07.776[0;39m [32m INFO[0;39m [35m16092[0;39m [2m---[0;39m [2m[  restartedMain][0;39m [36mcom.ssafy.vue.VueApi2Application        [0;39m [2m:[0;39m Started VueApi2Application in 1.134 seconds (JVM running for 2497.577)
[2m2022-05-22 23:38:07.778[0;39m [32m INFO[0;39m [35m16092[0;39m [2m---[0;39m [2m[  restartedMain][0;39m [36m.ConditionEvaluationDeltaLoggingListener[0;39m [2m:[0;39m Condition evaluation unchanged
[2m2022-05-22 23:38:20.012[0;39m [32m INFO[0;39m [35m16092[0;39m [2m---[0;39m [2m[  restartedMain][0;39m [36mcom.ssafy.vue.VueApi2Application        [0;39m [2m:[0;39m Starting VueApi2Application using Java 1.8.0_312 on DESKTOP-1T7N3GV with PID 16092 (D:\ssafy\springws\VueAPI2\target\classes started by abcxj in D:\ssafy\springws\VueAPI2)
[2m2022-05-22 23:38:20.013[0;39m [32mDEBUG[0;39m [35m16092[0;39m [2m---[0;39m [2m[  restartedMain][0;39m [36mcom.ssafy.vue.VueApi2Application        [0;39m [2m:[0;39m Running with Spring Boot v2.6.7, Spring v5.3.19
[2m2022-05-22 23:38:20.013[0;39m [32m INFO[0;39m [35m16092[0;39m [2m---[0;39m [2m[  restartedMain][0;39m [36mcom.ssafy.vue.VueApi2Application        [0;39m [2m:[0;39m No active profile set, falling back to 1 default profile: "default"
[2m2022-05-22 23:38:20.447[0;39m [32m INFO[0;39m [35m16092[0;39m [2m---[0;39m [2m[  restartedMain][0;39m [36mo.s.b.w.embedded.tomcat.TomcatWebServer [0;39m [2m:[0;39m Tomcat initialized with port(s): 9999 (http)
[2m2022-05-22 23:38:20.568[0;39m [32m INFO[0;39m [35m16092[0;39m [2m---[0;39m [2m[  restartedMain][0;39m [36mw.s.c.ServletWebServerApplicationContext[0;39m [2m:[0;39m Root WebApplicationContext: initialization completed in 553 ms
[2m2022-05-22 23:38:20.761[0;39m [32m INFO[0;39m [35m16092[0;39m [2m---[0;39m [2m[  restartedMain][0;39m [36mo.s.b.d.a.OptionalLiveReloadServer      [0;39m [2m:[0;39m LiveReload server is running on port 35729
[2m2022-05-22 23:38:20.816[0;39m [32m INFO[0;39m [35m16092[0;39m [2m---[0;39m [2m[  restartedMain][0;39m [36mo.s.b.w.embedded.tomcat.TomcatWebServer [0;39m [2m:[0;39m Tomcat started on port(s): 9999 (http) with context path '/vue'
[2m2022-05-22 23:38:20.922[0;39m [32m INFO[0;39m [35m16092[0;39m [2m---[0;39m [2m[  restartedMain][0;39m [36mcom.ssafy.vue.VueApi2Application        [0;39m [2m:[0;39m Started VueApi2Application in 0.945 seconds (JVM running for 2510.723)
[2m2022-05-22 23:38:20.925[0;39m [32m INFO[0;39m [35m16092[0;39m [2m---[0;39m [2m[  restartedMain][0;39m [36m.ConditionEvaluationDeltaLoggingListener[0;39m [2m:[0;39m Condition evaluation unchanged
[2m2022-05-22 23:39:10.173[0;39m [32m INFO[0;39m [35m16092[0;39m [2m---[0;39m [2m[  restartedMain][0;39m [36mcom.ssafy.vue.VueApi2Application        [0;39m [2m:[0;39m Starting VueApi2Application using Java 1.8.0_312 on DESKTOP-1T7N3GV with PID 16092 (D:\ssafy\springws\VueAPI2\target\classes started by abcxj in D:\ssafy\springws\VueAPI2)
[2m2022-05-22 23:39:10.174[0;39m [32mDEBUG[0;39m [35m16092[0;39m [2m---[0;39m [2m[  restartedMain][0;39m [36mcom.ssafy.vue.VueApi2Application        [0;39m [2m:[0;39m Running with Spring Boot v2.6.7, Spring v5.3.19
[2m2022-05-22 23:39:10.174[0;39m [32m INFO[0;39m [35m16092[0;39m [2m---[0;39m [2m[  restartedMain][0;39m [36mcom.ssafy.vue.VueApi2Application        [0;39m [2m:[0;39m No active profile set, falling back to 1 default profile: "default"
[2m2022-05-22 23:39:10.726[0;39m [32m INFO[0;39m [35m16092[0;39m [2m---[0;39m [2m[  restartedMain][0;39m [36mo.s.b.w.embedded.tomcat.TomcatWebServer [0;39m [2m:[0;39m Tomcat initialized with port(s): 9999 (http)
[2m2022-05-22 23:39:10.817[0;39m [32m INFO[0;39m [35m16092[0;39m [2m---[0;39m [2m[  restartedMain][0;39m [36mw.s.c.ServletWebServerApplicationContext[0;39m [2m:[0;39m Root WebApplicationContext: initialization completed in 641 ms
[2m2022-05-22 23:39:10.996[0;39m [32m INFO[0;39m [35m16092[0;39m [2m---[0;39m [2m[  restartedMain][0;39m [36mo.s.b.d.a.OptionalLiveReloadServer      [0;39m [2m:[0;39m LiveReload server is running on port 35729
[2m2022-05-22 23:39:11.055[0;39m [32m INFO[0;39m [35m16092[0;39m [2m---[0;39m [2m[  restartedMain][0;39m [36mo.s.b.w.embedded.tomcat.TomcatWebServer [0;39m [2m:[0;39m Tomcat started on port(s): 9999 (http) with context path '/vue'
[2m2022-05-22 23:39:11.154[0;39m [32m INFO[0;39m [35m16092[0;39m [2m---[0;39m [2m[  restartedMain][0;39m [36mcom.ssafy.vue.VueApi2Application        [0;39m [2m:[0;39m Started VueApi2Application in 1.015 seconds (JVM running for 2560.954)
[2m2022-05-22 23:39:11.156[0;39m [32m INFO[0;39m [35m16092[0;39m [2m---[0;39m [2m[  restartedMain][0;39m [36m.ConditionEvaluationDeltaLoggingListener[0;39m [2m:[0;39m Condition evaluation unchanged
[2m2022-05-22 23:39:29.478[0;39m [32m INFO[0;39m [35m16092[0;39m [2m---[0;39m [2m[  restartedMain][0;39m [36mcom.ssafy.vue.VueApi2Application        [0;39m [2m:[0;39m Starting VueApi2Application using Java 1.8.0_312 on DESKTOP-1T7N3GV with PID 16092 (D:\ssafy\springws\VueAPI2\target\classes started by abcxj in D:\ssafy\springws\VueAPI2)
[2m2022-05-22 23:39:29.479[0;39m [32mDEBUG[0;39m [35m16092[0;39m [2m---[0;39m [2m[  restartedMain][0;39m [36mcom.ssafy.vue.VueApi2Application        [0;39m [2m:[0;39m Running with Spring Boot v2.6.7, Spring v5.3.19
[2m2022-05-22 23:39:29.479[0;39m [32m INFO[0;39m [35m16092[0;39m [2m---[0;39m [2m[  restartedMain][0;39m [36mcom.ssafy.vue.VueApi2Application        [0;39m [2m:[0;39m No active profile set, falling back to 1 default profile: "default"
[2m2022-05-22 23:39:29.931[0;39m [32m INFO[0;39m [35m16092[0;39m [2m---[0;39m [2m[  restartedMain][0;39m [36mo.s.b.w.embedded.tomcat.TomcatWebServer [0;39m [2m:[0;39m Tomcat initialized with port(s): 9999 (http)
[2m2022-05-22 23:39:30.025[0;39m [32m INFO[0;39m [35m16092[0;39m [2m---[0;39m [2m[  restartedMain][0;39m [36mw.s.c.ServletWebServerApplicationContext[0;39m [2m:[0;39m Root WebApplicationContext: initialization completed in 544 ms
[2m2022-05-22 23:39:30.203[0;39m [32m INFO[0;39m [35m16092[0;39m [2m---[0;39m [2m[  restartedMain][0;39m [36mo.s.b.d.a.OptionalLiveReloadServer      [0;39m [2m:[0;39m LiveReload server is running on port 35729
[2m2022-05-22 23:39:30.262[0;39m [32m INFO[0;39m [35m16092[0;39m [2m---[0;39m [2m[  restartedMain][0;39m [36mo.s.b.w.embedded.tomcat.TomcatWebServer [0;39m [2m:[0;39m Tomcat started on port(s): 9999 (http) with context path '/vue'
[2m2022-05-22 23:39:30.352[0;39m [32m INFO[0;39m [35m16092[0;39m [2m---[0;39m [2m[  restartedMain][0;39m [36mcom.ssafy.vue.VueApi2Application        [0;39m [2m:[0;39m Started VueApi2Application in 0.904 seconds (JVM running for 2580.153)
[2m2022-05-22 23:39:30.355[0;39m [32m INFO[0;39m [35m16092[0;39m [2m---[0;39m [2m[  restartedMain][0;39m [36m.ConditionEvaluationDeltaLoggingListener[0;39m [2m:[0;39m Condition evaluation unchanged
[2m2022-05-22 23:41:01.432[0;39m [32m INFO[0;39m [35m16092[0;39m [2m---[0;39m [2m[n(61)-127.0.0.1][0;39m [36minMXBeanRegistrar$SpringApplicationAdmin[0;39m [2m:[0;39m Application shutdown requested.
[2m2022-05-22 23:41:02.113[0;39m [32m INFO[0;39m [35m16092[0;39m [2m---[0;39m [2m[  restartedMain][0;39m [36mcom.ssafy.vue.VueApi2Application        [0;39m [2m:[0;39m Starting VueApi2Application using Java 1.8.0_312 on DESKTOP-1T7N3GV with PID 16092 (D:\ssafy\springws\VueAPI2\target\classes started by abcxj in D:\ssafy\springws\VueAPI2)
[2m2022-05-22 23:41:02.113[0;39m [32mDEBUG[0;39m [35m16092[0;39m [2m---[0;39m [2m[  restartedMain][0;39m [36mcom.ssafy.vue.VueApi2Application        [0;39m [2m:[0;39m Running with Spring Boot v2.6.7, Spring v5.3.19
[2m2022-05-22 23:41:02.113[0;39m [32m INFO[0;39m [35m16092[0;39m [2m---[0;39m [2m[  restartedMain][0;39m [36mcom.ssafy.vue.VueApi2Application        [0;39m [2m:[0;39m No active profile set, falling back to 1 default profile: "default"
[2m2022-05-22 23:41:02.693[0;39m [32m INFO[0;39m [35m16092[0;39m [2m---[0;39m [2m[  restartedMain][0;39m [36mo.s.b.w.embedded.tomcat.TomcatWebServer [0;39m [2m:[0;39m Tomcat initialized with port(s): 9999 (http)
[2m2022-05-22 23:41:02.786[0;39m [32m INFO[0;39m [35m16092[0;39m [2m---[0;39m [2m[  restartedMain][0;39m [36mw.s.c.ServletWebServerApplicationContext[0;39m [2m:[0;39m Root WebApplicationContext: initialization completed in 670 ms
[2m2022-05-22 23:41:02.998[0;39m [32m INFO[0;39m [35m16092[0;39m [2m---[0;39m [2m[  restartedMain][0;39m [36mo.s.b.d.a.OptionalLiveReloadServer      [0;39m [2m:[0;39m LiveReload server is running on port 35729
[2m2022-05-22 23:41:03.069[0;39m [32m INFO[0;39m [35m16092[0;39m [2m---[0;39m [2m[  restartedMain][0;39m [36mo.s.b.w.embedded.tomcat.TomcatWebServer [0;39m [2m:[0;39m Tomcat started on port(s): 9999 (http) with context path '/vue'
[2m2022-05-22 23:41:03.195[0;39m [32m INFO[0;39m [35m16092[0;39m [2m---[0;39m [2m[  restartedMain][0;39m [36mcom.ssafy.vue.VueApi2Application        [0;39m [2m:[0;39m Started VueApi2Application in 1.112 seconds (JVM running for 2672.996)
[2m2022-05-22 23:41:03.197[0;39m [32m INFO[0;39m [35m16092[0;39m [2m---[0;39m [2m[  restartedMain][0;39m [36m.ConditionEvaluationDeltaLoggingListener[0;39m [2m:[0;39m Condition evaluation unchanged
[2m2022-05-22 23:41:16.982[0;39m [32m INFO[0;39m [35m16092[0;39m [2m---[0;39m [2m[n(63)-127.0.0.1][0;39m [36minMXBeanRegistrar$SpringApplicationAdmin[0;39m [2m:[0;39m Application shutdown requested.
[2m2022-05-22 23:58:20.197[0;39m [32m INFO[0;39m [35m9736[0;39m [2m---[0;39m [2m[  restartedMain][0;39m [36mcom.ssafy.vue.VueApi2Application        [0;39m [2m:[0;39m Starting VueApi2Application using Java 1.8.0_312 on DESKTOP-1T7N3GV with PID 9736 (D:\ssafy\springws\VueAPI2\target\classes started by abcxj in D:\ssafy\springws\VueAPI2)
[2m2022-05-22 23:58:20.200[0;39m [32mDEBUG[0;39m [35m9736[0;39m [2m---[0;39m [2m[  restartedMain][0;39m [36mcom.ssafy.vue.VueApi2Application        [0;39m [2m:[0;39m Running with Spring Boot v2.6.7, Spring v5.3.19
[2m2022-05-22 23:58:20.201[0;39m [32m INFO[0;39m [35m9736[0;39m [2m---[0;39m [2m[  restartedMain][0;39m [36mcom.ssafy.vue.VueApi2Application        [0;39m [2m:[0;39m No active profile set, falling back to 1 default profile: "default"
[2m2022-05-22 23:58:20.252[0;39m [32m INFO[0;39m [35m9736[0;39m [2m---[0;39m [2m[  restartedMain][0;39m [36m.e.DevToolsPropertyDefaultsPostProcessor[0;39m [2m:[0;39m Devtools property defaults active! Set 'spring.devtools.add-properties' to 'false' to disable
[2m2022-05-22 23:58:20.252[0;39m [32m INFO[0;39m [35m9736[0;39m [2m---[0;39m [2m[  restartedMain][0;39m [36m.e.DevToolsPropertyDefaultsPostProcessor[0;39m [2m:[0;39m For additional web related logging consider setting the 'logging.level.web' property to 'DEBUG'
[2m2022-05-22 23:58:21.766[0;39m [32m INFO[0;39m [35m9736[0;39m [2m---[0;39m [2m[  restartedMain][0;39m [36mo.s.b.w.embedded.tomcat.TomcatWebServer [0;39m [2m:[0;39m Tomcat initialized with port(s): 9999 (http)
[2m2022-05-22 23:58:22.049[0;39m [32m INFO[0;39m [35m9736[0;39m [2m---[0;39m [2m[  restartedMain][0;39m [36mw.s.c.ServletWebServerApplicationContext[0;39m [2m:[0;39m Root WebApplicationContext: initialization completed in 1796 ms
[2m2022-05-22 23:58:22.835[0;39m [32m INFO[0;39m [35m9736[0;39m [2m---[0;39m [2m[  restartedMain][0;39m [36mo.s.b.d.a.OptionalLiveReloadServer      [0;39m [2m:[0;39m LiveReload server is running on port 35729
[2m2022-05-22 23:58:23.025[0;39m [32m INFO[0;39m [35m9736[0;39m [2m---[0;39m [2m[  restartedMain][0;39m [36mo.s.b.w.embedded.tomcat.TomcatWebServer [0;39m [2m:[0;39m Tomcat started on port(s): 9999 (http) with context path '/vue'
[2m2022-05-22 23:58:23.356[0;39m [32m INFO[0;39m [35m9736[0;39m [2m---[0;39m [2m[  restartedMain][0;39m [36mcom.ssafy.vue.VueApi2Application        [0;39m [2m:[0;39m Started VueApi2Application in 3.49 seconds (JVM running for 4.97)
[2m2022-05-22 23:58:26.823[0;39m [32m INFO[0;39m [35m9736[0;39m [2m---[0;39m [2m[nio-9999-exec-2][0;39m [36mo.s.web.servlet.DispatcherServlet       [0;39m [2m:[0;39m Initializing Servlet 'dispatcherServlet'
[2m2022-05-22 23:58:26.826[0;39m [32m INFO[0;39m [35m9736[0;39m [2m---[0;39m [2m[nio-9999-exec-2][0;39m [36mo.s.web.servlet.DispatcherServlet       [0;39m [2m:[0;39m Completed initialization in 2 ms
[2m2022-05-22 23:58:26.874[0;39m [32mDEBUG[0;39m [35m9736[0;39m [2m---[0;39m [2m[nio-9999-exec-1][0;39m [36mc.ssafy.vue.controller.BoardController  [0;39m [2m:[0;39m countBoard - 호출
[2m2022-05-22 23:58:26.882[0;39m [32mDEBUG[0;39m [35m9736[0;39m [2m---[0;39m [2m[nio-9999-exec-2][0;39m [36mc.ssafy.vue.controller.BoardController  [0;39m [2m:[0;39m retrieveBoard - 호출
[2m2022-05-22 23:58:28.527[0;39m [32mDEBUG[0;39m [35m9736[0;39m [2m---[0;39m [2m[nio-9999-exec-4][0;39m [36mc.s.vue.controller.QnaBoardController   [0;39m [2m:[0;39m countBoard - 호출
[2m2022-05-22 23:58:28.530[0;39m [32mDEBUG[0;39m [35m9736[0;39m [2m---[0;39m [2m[nio-9999-exec-3][0;39m [36mc.s.vue.controller.QnaBoardController   [0;39m [2m:[0;39m retrieveBoard - 호출
[2m2022-05-22 23:58:30.438[0;39m [32mDEBUG[0;39m [35m9736[0;39m [2m---[0;39m [2m[nio-9999-exec-5][0;39m [36mc.s.vue.controller.QnaBoardController   [0;39m [2m:[0;39m retrieveBoard - 호출
[2m2022-05-22 23:58:30.440[0;39m [32mDEBUG[0;39m [35m9736[0;39m [2m---[0;39m [2m[nio-9999-exec-6][0;39m [36mc.s.vue.controller.QnaBoardController   [0;39m [2m:[0;39m countBoard - 호출
[2m2022-05-22 23:58:33.725[0;39m [32mDEBUG[0;39m [35m9736[0;39m [2m---[0;39m [2m[nio-9999-exec-7][0;39m [36mc.s.vue.controller.QnaBoardController   [0;39m [2m:[0;39m retrieveBoard - 호출
[2m2022-05-22 23:58:33.725[0;39m [32mDEBUG[0;39m [35m9736[0;39m [2m---[0;39m [2m[nio-9999-exec-8][0;39m [36mc.s.vue.controller.QnaBoardController   [0;39m [2m:[0;39m countBoard - 호출
[2m2022-05-22 23:58:34.575[0;39m [32mDEBUG[0;39m [35m9736[0;39m [2m---[0;39m [2m[io-9999-exec-10][0;39m [36mc.s.vue.controller.QnaBoardController   [0;39m [2m:[0;39m countBoard - 호출
[2m2022-05-22 23:58:34.577[0;39m [32mDEBUG[0;39m [35m9736[0;39m [2m---[0;39m [2m[nio-9999-exec-9][0;39m [36mc.s.vue.controller.QnaBoardController   [0;39m [2m:[0;39m retrieveBoard - 호출
